  LinInterp.cpp
  DelayPlugin.cpp
c:\wdl-ol\wdl\iplug\iplugstructs.h(239): warning C4244: 'initializing': conversion from 'float' to 'int', possible loss of data
c:\wdl-ol\wdl\iplug\iplugstructs.h(241): warning C4244: 'argument': conversion from 'float' to 'int', possible loss of data
c:\wdl-ol\wdl\iplug\iplugstructs.h(247): warning C4244: 'initializing': conversion from 'float' to 'int', possible loss of data
c:\wdl-ol\wdl\iplug\iplugstructs.h(249): warning C4244: 'argument': conversion from 'float' to 'int', possible loss of data
c:\wdl-ol\chaos-delay\src\delayplugin.cpp(135): warning C4244: '=': conversion from 'double' to 'float', possible loss of data
c:\wdl-ol\chaos-delay\src\delayplugin.cpp(138): warning C4244: 'initializing': conversion from 'double' to 'float', possible loss of data
c:\wdl-ol\chaos-delay\src\delayplugin.cpp(139): warning C4244: 'argument': conversion from 'double' to 'float', possible loss of data
c:\wdl-ol\chaos-delay\src\delayplugin.cpp(178): warning C4244: 'initializing': conversion from 'double' to 'int', possible loss of data
c:\wdl-ol\chaos-delay\src\delayplugin.cpp(192): warning C4552: '+': operator has no effect; expected operator with side-effect
c:\wdl-ol\chaos-delay\src\delayplugin.cpp(220): warning C4244: '=': conversion from 'double' to 'int', possible loss of data
c:\wdl-ol\chaos-delay\src\delayplugin.cpp(264): warning C4244: '=': conversion from 'double' to 'int', possible loss of data
  Crossfade.cpp
  IPlugVST.cpp
c:\wdl-ol\wdl\iplug\iplugstructs.h(239): warning C4244: 'initializing': conversion from 'float' to 'int', possible loss of data
c:\wdl-ol\wdl\iplug\iplugstructs.h(241): warning C4244: 'argument': conversion from 'float' to 'int', possible loss of data
c:\wdl-ol\wdl\iplug\iplugstructs.h(247): warning C4244: 'initializing': conversion from 'float' to 'int', possible loss of data
c:\wdl-ol\wdl\iplug\iplugstructs.h(249): warning C4244: 'argument': conversion from 'float' to 'int', possible loss of data
  Generating Code...
     Creating library ..\build-win\vst2\Win32\bin\ChaosDelayPlugin.lib and object ..\build-win\vst2\Win32\bin\ChaosDelayPlugin.exp
  DelayPlugin-vst2.vcxproj -> C:\wdl-ol\Chaos-Delay\src\..\build-win\vst2\Win32\bin\ChaosDelayPlugin.dll
