c:\wdl-ol\iplugexamples\simpledelayplugin\build-win\vst2\win32\debug\vc141.pdb
c:\wdl-ol\iplugexamples\simpledelayplugin\build-win\vst2\win32\debug\vc141.idb
c:\wdl-ol\iplugexamples\simpledelayplugin\build-win\vst2\win32\debug\iplugvst.obj
c:\wdl-ol\iplugexamples\simpledelayplugin\build-win\vst2\win32\debug\crossfade.obj
c:\wdl-ol\iplugexamples\simpledelayplugin\build-win\vst2\win32\debug\delayplugin.obj
c:\wdl-ol\iplugexamples\simpledelayplugin\build-win\vst2\win32\debug\lininterp.obj
c:\wdl-ol\iplugexamples\simpledelayplugin\build-win\vst2\win32\bin\delayplugin.lib
c:\wdl-ol\iplugexamples\simpledelayplugin\build-win\vst2\win32\bin\delayplugin.exp
c:\wdl-ol\iplugexamples\simpledelayplugin\build-win\vst2\win32\bin\delayplugin.ilk
c:\wdl-ol\iplugexamples\simpledelayplugin\build-win\vst2\win32\bin\delayplugin.dll
c:\wdl-ol\iplugexamples\simpledelayplugin\build-win\vst2\win32\bin\delayplugin.pdb
c:\wdl-ol\iplugexamples\simpledelayplugin\build-win\vst2\win32\debug\delayplugin.res
c:\wdl-ol\iplugexamples\simpledelayplugin\build-win\vst2\win32\debug\delayplugin-vst2.tlog\cl.command.1.tlog
c:\wdl-ol\iplugexamples\simpledelayplugin\build-win\vst2\win32\debug\delayplugin-vst2.tlog\cl.read.1.tlog
c:\wdl-ol\iplugexamples\simpledelayplugin\build-win\vst2\win32\debug\delayplugin-vst2.tlog\cl.write.1.tlog
c:\wdl-ol\iplugexamples\simpledelayplugin\build-win\vst2\win32\debug\delayplugin-vst2.tlog\delayplugin-vst2.write.1u.tlog
c:\wdl-ol\iplugexamples\simpledelayplugin\build-win\vst2\win32\debug\delayplugin-vst2.tlog\link.command.1.tlog
c:\wdl-ol\iplugexamples\simpledelayplugin\build-win\vst2\win32\debug\delayplugin-vst2.tlog\link.read.1.tlog
c:\wdl-ol\iplugexamples\simpledelayplugin\build-win\vst2\win32\debug\delayplugin-vst2.tlog\link.write.1.tlog
c:\wdl-ol\iplugexamples\simpledelayplugin\build-win\vst2\win32\debug\delayplugin-vst2.tlog\rc.command.1.tlog
c:\wdl-ol\iplugexamples\simpledelayplugin\build-win\vst2\win32\debug\delayplugin-vst2.tlog\rc.read.1.tlog
c:\wdl-ol\iplugexamples\simpledelayplugin\build-win\vst2\win32\debug\delayplugin-vst2.tlog\rc.write.1.tlog
