c:\wdl-ol\iplugexamples\chaos-delay\build-win\app\win32\debug\vc141.pdb
c:\wdl-ol\iplugexamples\chaos-delay\build-win\app\win32\debug\vc141.idb
c:\wdl-ol\iplugexamples\chaos-delay\build-win\app\win32\debug\asio.obj
c:\wdl-ol\iplugexamples\chaos-delay\build-win\app\win32\debug\asiodrivers.obj
c:\wdl-ol\iplugexamples\chaos-delay\build-win\app\win32\debug\asiolist.obj
c:\wdl-ol\iplugexamples\chaos-delay\build-win\app\win32\debug\iplugstandalone.obj
c:\wdl-ol\iplugexamples\chaos-delay\build-win\app\win32\debug\rtaudio.obj
c:\wdl-ol\iplugexamples\chaos-delay\build-win\app\win32\debug\rtmidi.obj
c:\wdl-ol\iplugexamples\chaos-delay\build-win\app\win32\debug\app_dialog.obj
c:\wdl-ol\iplugexamples\chaos-delay\build-win\app\win32\debug\app_main.obj
c:\wdl-ol\iplugexamples\chaos-delay\build-win\app\win32\debug\crossfade.obj
c:\wdl-ol\iplugexamples\chaos-delay\build-win\app\win32\debug\delayplugin.obj
c:\wdl-ol\iplugexamples\chaos-delay\build-win\app\win32\debug\iknobmulticontroltext.obj
c:\wdl-ol\iplugexamples\chaos-delay\build-win\app\win32\debug\lininterp.obj
c:\wdl-ol\iplugexamples\chaos-delay\build-win\app\win32\bin\delayplugin.exe
c:\wdl-ol\iplugexamples\chaos-delay\build-win\app\win32\bin\delayplugin.ilk
c:\wdl-ol\iplugexamples\chaos-delay\build-win\app\win32\bin\delayplugin.pdb
c:\wdl-ol\iplugexamples\chaos-delay\build-win\app\win32\debug\delayplugin.res
c:\wdl-ol\iplugexamples\chaos-delay\src\..\build-win\app\win32\bin\delayplugin.exe
c:\wdl-ol\iplugexamples\chaos-delay\build-win\app\win32\debug\delayplugin-app.tlog\cl.command.1.tlog
c:\wdl-ol\iplugexamples\chaos-delay\build-win\app\win32\debug\delayplugin-app.tlog\cl.read.1.tlog
c:\wdl-ol\iplugexamples\chaos-delay\build-win\app\win32\debug\delayplugin-app.tlog\cl.write.1.tlog
c:\wdl-ol\iplugexamples\chaos-delay\build-win\app\win32\debug\delayplugin-app.tlog\link.command.1.tlog
c:\wdl-ol\iplugexamples\chaos-delay\build-win\app\win32\debug\delayplugin-app.tlog\link.read.1.tlog
c:\wdl-ol\iplugexamples\chaos-delay\build-win\app\win32\debug\delayplugin-app.tlog\link.write.1.tlog
c:\wdl-ol\iplugexamples\chaos-delay\build-win\app\win32\debug\delayplugin-app.tlog\rc.command.1.tlog
c:\wdl-ol\iplugexamples\chaos-delay\build-win\app\win32\debug\delayplugin-app.tlog\rc.read.1.tlog
c:\wdl-ol\iplugexamples\chaos-delay\build-win\app\win32\debug\delayplugin-app.tlog\rc.write.1.tlog
